2025-09-06 23:54:24.319: my pid: 3101853
2025-09-06 23:54:24.319: model: model.general_recommender.SGL
2025-09-06 23:54:24.319: Dataset statistics:
Name: amazon-cd
The number of users: 2809
The number of items: 31062
The number of ratings: 58093
Average actions of users: 20.68
Average actions of items: 1.87
The sparsity of the dataset: 99.933420%

The number of training: 52477
The number of validation: 2807
The number of testing: 2809
2025-09-06 23:54:24.319: NeuRec:[NeuRec]:
recommender=SGL
dataset=amazon-cd
file_column=UI
sep=','
gpu_id=0
gpu_mem=0.99
metric=["Precision", "Recall", "NDCG"]
top_k=[20]
test_thread=8
test_batch_size=128
seed=2021
start_testing_epoch=0

SGL:[hyperparameters]:
aug_type=ED
reg=1e-4
embed_size=64
n_layers=3
ssl_reg=0.1
ssl_ratio=0.1
ssl_temp=0.2
ssl_mode=both_side
lr=0.001
learner=adam
adj_type=pre
epochs=1000
batch_size=2048
num_negatives=1
param_init=xavier_uniform
stddev=0.01
verbose=1
stop_cnt=10
pretrain_flag=0
save_flag=0

Command line:
dataset=amazon-cd
model=SGL
2025-09-06 23:54:25.091: metrics:	Precision@20	Recall@20   	NDCG@20     
