2025-09-08 10:51:37.325: my pid: 3620316
2025-09-08 10:51:37.325: model: model.general_recommender.SGL
2025-09-08 10:51:37.325: Dataset statistics:
Name: amazon-cd
The number of users: 2809
The number of items: 31062
The number of ratings: 58093
Average actions of users: 20.68
Average actions of items: 1.87
The sparsity of the dataset: 99.933420%

The number of training: 52477
The number of validation: 2807
The number of testing: 2809
2025-09-08 10:51:37.326: NeuRec:[NeuRec]:
recommender=SGL
dataset=amazon-cd
file_column=UI
sep=','
gpu_id=0
gpu_mem=0.99
metric=["Precision", "Recall", "NDCG"]
top_k=[20]
test_thread=8
test_batch_size=128
seed=2021
start_testing_epoch=0

SGL:[hyperparameters]:
aug_type=ED
reg=1e-4
embed_size=64
n_layers=3
ssl_reg=0.1
ssl_ratio=0.1
ssl_temp=0.2
ssl_mode=both_side
lr=0.001
learner=adam
adj_type=pre
epochs=1000
batch_size=2048
num_negatives=1
param_init=xavier_uniform
stddev=0.01
verbose=1
stop_cnt=10
pretrain_flag=0
save_flag=1

Command line:
dataset=amazon-cd
model=SGL
save_flag=1
2025-09-08 10:51:38.216: metrics:	Precision@20	Recall@20   	NDCG@20     
2025-09-08 10:51:39.460: [iter 1 : loss : 1.5801 = 0.6918 + 0.8883 + 0.0000, time: 1.242554]
2025-09-08 10:51:39.595: epoch 1:	0.00012460  	0.00249199  	0.00109567  
2025-09-08 10:51:39.596: Find a better model.
2025-09-08 10:51:39.596: Save model to file as pretrain.
2025-09-08 10:51:40.801: [iter 2 : loss : 1.5648 = 0.6911 + 0.8736 + 0.0000, time: 1.190327]
2025-09-08 10:51:40.920: epoch 2:	0.00017800  	0.00355999  	0.00165563  
2025-09-08 10:51:40.920: Find a better model.
2025-09-08 10:51:40.921: Save model to file as pretrain.
2025-09-08 10:51:42.349: [iter 3 : loss : 1.5579 = 0.6903 + 0.8676 + 0.0000, time: 1.414891]
2025-09-08 10:51:42.576: epoch 3:	0.00014240  	0.00284799  	0.00135936  
2025-09-08 10:51:43.648: [iter 4 : loss : 1.5531 = 0.6895 + 0.8637 + 0.0000, time: 1.071085]
2025-09-08 10:51:43.777: epoch 4:	0.00014240  	0.00284799  	0.00107181  
2025-09-08 10:51:44.853: [iter 5 : loss : 1.5493 = 0.6885 + 0.8608 + 0.0000, time: 1.075141]
2025-09-08 10:51:44.985: epoch 5:	0.00014240  	0.00284799  	0.00098992  
2025-09-08 10:51:46.261: [iter 6 : loss : 1.5467 = 0.6875 + 0.8592 + 0.0000, time: 1.273890]
2025-09-08 10:51:46.426: epoch 6:	0.00010680  	0.00213599  	0.00080433  
2025-09-08 10:51:47.500: [iter 7 : loss : 1.5446 = 0.6862 + 0.8584 + 0.0000, time: 1.072684]
2025-09-08 10:51:47.707: epoch 7:	0.00010680  	0.00213599  	0.00075315  
2025-09-08 10:51:49.083: [iter 8 : loss : 1.5412 = 0.6844 + 0.8567 + 0.0000, time: 1.375551]
2025-09-08 10:51:49.204: epoch 8:	0.00008900  	0.00177999  	0.00061884  
2025-09-08 10:51:50.048: [iter 9 : loss : 1.5391 = 0.6825 + 0.8566 + 0.0000, time: 0.838648]
2025-09-08 10:51:50.160: epoch 9:	0.00007120  	0.00142399  	0.00049806  
2025-09-08 10:51:51.447: [iter 10 : loss : 1.5360 = 0.6798 + 0.8561 + 0.0000, time: 1.286862]
2025-09-08 10:51:51.625: epoch 10:	0.00007120  	0.00142399  	0.00050314  
2025-09-08 10:51:52.493: [iter 11 : loss : 1.5321 = 0.6770 + 0.8551 + 0.0000, time: 0.866886]
2025-09-08 10:51:52.719: epoch 11:	0.00007120  	0.00142399  	0.00052151  
2025-09-08 10:51:53.768: [iter 12 : loss : 1.5284 = 0.6732 + 0.8551 + 0.0000, time: 1.047876]
2025-09-08 10:51:53.960: epoch 12:	0.00007120  	0.00142399  	0.00050034  
2025-09-08 10:51:53.960: Early stopping is trigger at epoch: 12
2025-09-08 10:51:53.960: best_result@epoch 2:

2025-09-08 10:51:53.960: Loading from the saved best model during the training process.
2025-09-08 10:51:54.085: 		0.00017800  	0.00355999  	0.00165563  
2025-09-08 10:51:54.096: export_final_embeddings done: /mnt/sda1/yuxin/project/SGL-Torch/dataset/amazon-cd/pretrain-embeddings/SGL/n_layers=3/
